This file contains any messages produced by compilers while
running configure, to aid debugging if configure makes a mistake.

It was created by yabause configure 0.9.10, which was
generated by GNU Autoconf 2.67.  Invocation command line was

  $ ./configure --build=i686-pc-linux-gnu --host=powerpc-eabi --with-q68 --enable-new-scsp --enable-scsp-plugin --with-port=wii

## --------- ##
## Platform. ##
## --------- ##

hostname = r-note
uname -m = i686
uname -r = 1.0.15(0.47/3/2)
uname -s = MINGW32_NT-6.0
uname -v = 2010-07-06 22:04

/usr/bin/uname -p = unknown
/bin/uname -X     = unknown

/bin/arch              = unknown
/usr/bin/arch -k       = unknown
/usr/convex/getsysinfo = unknown
/usr/bin/hostinfo      = unknown
/bin/machine           = unknown
/usr/bin/oslevel       = unknown
/bin/universe          = unknown

PATH: /bin
PATH: /c/Program Files/Common Files/Microsoft Shared/Windows Live
PATH: /bin
PATH: /c/Windows/system32
PATH: /c/Windows
PATH: /c/Windows/System32/Wbem
PATH: /c/Program Files/Smart Projects/IsoBuster
PATH: /c/Program Files/SlikSvn/bin/
PATH: /c/Program Files/Git/cmd
PATH: /c/Program Files/cvsnt
PATH: /c/Windows/System32/WindowsPowerShell/v1.0/
PATH: /c/Program Files/Windows Live/Shared
PATH: /c/Program Files/CMake 2.8/bin
PATH: /c/devkitPro/devkitPPC/bin


## ----------- ##
## Core tests. ##
## ----------- ##

configure:2393: checking build system type
configure:2407: result: i686-pc-linux-gnu
configure:2427: checking host system type
configure:2440: result: powerpc-unknown-none
configure:2460: checking target system type
configure:2473: result: powerpc-unknown-none
configure:2525: checking for a BSD-compatible install
configure:2593: result: /bin/install -c
configure:2604: checking whether build environment is sane
configure:2654: result: yes
configure:2703: checking for powerpc-eabi-strip
configure:2719: found /c/devkitPro/devkitPPC/bin/powerpc-eabi-strip
configure:2730: result: powerpc-eabi-strip
configure:2795: checking for a thread-safe mkdir -p
configure:2834: result: /bin/mkdir -p
configure:2847: checking for gawk
configure:2863: found /bin/gawk
configure:2874: result: gawk
configure:2885: checking whether make sets $(MAKE)
configure:2907: result: yes
configure:2991: checking for powerpc-eabi-ranlib
configure:3007: found /c/devkitPro/devkitPPC/bin/powerpc-eabi-ranlib
configure:3018: result: powerpc-eabi-ranlib
configure:3120: checking for powerpc-eabi-gcc
configure:3136: found /c/devkitPro/devkitPPC/bin/powerpc-eabi-gcc
configure:3147: result: powerpc-eabi-gcc
configure:3416: checking for C compiler version
configure:3425: powerpc-eabi-gcc --version >&5
powerpc-eabi-gcc.exe (devkitPPC release 25) 4.6.2
Copyright (C) 2011 Free Software Foundation, Inc.
This is free software; see the source for copying conditions.  There is NO
warranty; not even for MERCHANTABILITY or FITNESS FOR A PARTICULAR PURPOSE.

configure:3436: $? = 0
configure:3425: powerpc-eabi-gcc -v >&5
Using built-in specs.
COLLECT_GCC=c:\devkitPro\devkitPPC\bin\powerpc-eabi-gcc.exe
COLLECT_LTO_WRAPPER=c:/devkitpro/devkitppc/bin/../libexec/gcc/powerpc-eabi/4.6.2/lto-wrapper.exe
Target: powerpc-eabi
Configured with: ../../gcc-4.6.2/configure --enable-languages=c,c++,objc --enable-lto --with-plugin-ld=ld --with-cpu=750 --disable-nls --disable-shared --enable-threads --disable-multilib --disable-win32-registry --disable-libstdcxx-pch --target=powerpc-eabi --with-newlib --prefix=c:/devkitPro/devkitPPC --disable-dependency-tracking --with-bugurl=http://wiki.devkitpro.org/index.php/Bug_Reports --with-pkgversion='devkitPPC release 25'
Thread model: single
gcc version 4.6.2 (devkitPPC release 25) 
configure:3436: $? = 0
configure:3425: powerpc-eabi-gcc -V >&5
powerpc-eabi-gcc.exe: error: unrecognized option '-V'
powerpc-eabi-gcc.exe: fatal error: no input files
compilation terminated.
configure:3436: $? = 1
configure:3425: powerpc-eabi-gcc -qversion >&5
powerpc-eabi-gcc.exe: error: unrecognized option '-qversion'
powerpc-eabi-gcc.exe: fatal error: no input files
compilation terminated.
configure:3436: $? = 1
configure:3456: checking whether the C compiler works
configure:3478: powerpc-eabi-gcc    conftest.c  >&5
configure:3482: $? = 0
configure:3530: result: yes
configure:3533: checking for C compiler default output file name
configure:3535: result: a.out
configure:3541: checking for suffix of executables
configure:3548: powerpc-eabi-gcc -o conftest    conftest.c  >&5
configure:3552: $? = 0
configure:3574: result: 
configure:3596: checking whether we are cross compiling
configure:3634: result: yes
configure:3639: checking for suffix of object files
configure:3661: powerpc-eabi-gcc -c   conftest.c >&5
configure:3665: $? = 0
configure:3686: result: o
configure:3690: checking whether we are using the GNU C compiler
configure:3709: powerpc-eabi-gcc -c   conftest.c >&5
configure:3709: $? = 0
configure:3718: result: yes
configure:3727: checking whether powerpc-eabi-gcc accepts -g
configure:3747: powerpc-eabi-gcc -c -g  conftest.c >&5
configure:3747: $? = 0
configure:3788: result: yes
configure:3805: checking for powerpc-eabi-gcc option to accept ISO C89
configure:3869: powerpc-eabi-gcc  -c -g -O2  conftest.c >&5
configure:3869: $? = 0
configure:3882: result: none needed
configure:3913: checking for style of include used by make
configure:3941: result: GNU
configure:3966: checking dependency style of powerpc-eabi-gcc
configure:4076: result: gcc3
configure:4101: checking how to run the C preprocessor
configure:4132: powerpc-eabi-gcc -E  conftest.c
configure:4132: $? = 0
configure:4146: powerpc-eabi-gcc -E  conftest.c
conftest.c:11:28: fatal error: ac_nonexistent.h: No such file or directory
compilation terminated.
configure:4146: $? = 1
configure: failed program was:
| /* confdefs.h */
| #define PACKAGE_NAME "yabause"
| #define PACKAGE_TARNAME "yabause"
| #define PACKAGE_VERSION "0.9.10"
| #define PACKAGE_STRING "yabause 0.9.10"
| #define PACKAGE_BUGREPORT ""
| #define PACKAGE_URL ""
| #define PACKAGE "yabause"
| #define VERSION "0.9.10"
| /* end confdefs.h.  */
| #include <ac_nonexistent.h>
configure:4171: result: powerpc-eabi-gcc -E
configure:4191: powerpc-eabi-gcc -E  conftest.c
configure:4191: $? = 0
configure:4205: powerpc-eabi-gcc -E  conftest.c
conftest.c:11:28: fatal error: ac_nonexistent.h: No such file or directory
compilation terminated.
configure:4205: $? = 1
configure: failed program was:
| /* confdefs.h */
| #define PACKAGE_NAME "yabause"
| #define PACKAGE_TARNAME "yabause"
| #define PACKAGE_VERSION "0.9.10"
| #define PACKAGE_STRING "yabause 0.9.10"
| #define PACKAGE_BUGREPORT ""
| #define PACKAGE_URL ""
| #define PACKAGE "yabause"
| #define VERSION "0.9.10"
| /* end confdefs.h.  */
| #include <ac_nonexistent.h>
configure:4262: checking for powerpc-eabi-g++
configure:4278: found /c/devkitPro/devkitPPC/bin/powerpc-eabi-g++
configure:4289: result: powerpc-eabi-g++
configure:4360: checking for C++ compiler version
configure:4369: powerpc-eabi-g++ --version >&5
powerpc-eabi-g++.exe (devkitPPC release 25) 4.6.2
Copyright (C) 2011 Free Software Foundation, Inc.
This is free software; see the source for copying conditions.  There is NO
warranty; not even for MERCHANTABILITY or FITNESS FOR A PARTICULAR PURPOSE.

configure:4380: $? = 0
configure:4369: powerpc-eabi-g++ -v >&5
Using built-in specs.
COLLECT_GCC=c:\devkitPro\devkitPPC\bin\powerpc-eabi-g++.exe
COLLECT_LTO_WRAPPER=c:/devkitpro/devkitppc/bin/../libexec/gcc/powerpc-eabi/4.6.2/lto-wrapper.exe
Target: powerpc-eabi
Configured with: ../../gcc-4.6.2/configure --enable-languages=c,c++,objc --enable-lto --with-plugin-ld=ld --with-cpu=750 --disable-nls --disable-shared --enable-threads --disable-multilib --disable-win32-registry --disable-libstdcxx-pch --target=powerpc-eabi --with-newlib --prefix=c:/devkitPro/devkitPPC --disable-dependency-tracking --with-bugurl=http://wiki.devkitpro.org/index.php/Bug_Reports --with-pkgversion='devkitPPC release 25'
Thread model: single
gcc version 4.6.2 (devkitPPC release 25) 
configure:4380: $? = 0
configure:4369: powerpc-eabi-g++ -V >&5
powerpc-eabi-g++.exe: error: unrecognized option '-V'
powerpc-eabi-g++.exe: fatal error: no input files
compilation terminated.
configure:4380: $? = 1
configure:4369: powerpc-eabi-g++ -qversion >&5
powerpc-eabi-g++.exe: error: unrecognized option '-qversion'
powerpc-eabi-g++.exe: fatal error: no input files
compilation terminated.
configure:4380: $? = 1
configure:4384: checking whether we are using the GNU C++ compiler
configure:4403: powerpc-eabi-g++ -c   conftest.cpp >&5
configure:4403: $? = 0
configure:4412: result: yes
configure:4421: checking whether powerpc-eabi-g++ accepts -g
configure:4441: powerpc-eabi-g++ -c -g  conftest.cpp >&5
configure:4441: $? = 0
configure:4482: result: yes
configure:4507: checking dependency style of powerpc-eabi-g++
configure:4617: result: gcc3
configure:4638: checking how to run the C++ preprocessor
configure:4665: powerpc-eabi-g++ -E  conftest.cpp
configure:4665: $? = 0
configure:4679: powerpc-eabi-g++ -E  conftest.cpp
conftest.cpp:11:28: fatal error: ac_nonexistent.h: No such file or directory
compilation terminated.
configure:4679: $? = 1
configure: failed program was:
| /* confdefs.h */
| #define PACKAGE_NAME "yabause"
| #define PACKAGE_TARNAME "yabause"
| #define PACKAGE_VERSION "0.9.10"
| #define PACKAGE_STRING "yabause 0.9.10"
| #define PACKAGE_BUGREPORT ""
| #define PACKAGE_URL ""
| #define PACKAGE "yabause"
| #define VERSION "0.9.10"
| /* end confdefs.h.  */
| #include <ac_nonexistent.h>
configure:4704: result: powerpc-eabi-g++ -E
configure:4724: powerpc-eabi-g++ -E  conftest.cpp
configure:4724: $? = 0
configure:4738: powerpc-eabi-g++ -E  conftest.cpp
conftest.cpp:11:28: fatal error: ac_nonexistent.h: No such file or directory
compilation terminated.
configure:4738: $? = 1
configure: failed program was:
| /* confdefs.h */
| #define PACKAGE_NAME "yabause"
| #define PACKAGE_TARNAME "yabause"
| #define PACKAGE_VERSION "0.9.10"
| #define PACKAGE_STRING "yabause 0.9.10"
| #define PACKAGE_BUGREPORT ""
| #define PACKAGE_URL ""
| #define PACKAGE "yabause"
| #define VERSION "0.9.10"
| /* end confdefs.h.  */
| #include <ac_nonexistent.h>
configure:4767: checking for grep that handles long lines and -e
configure:4825: result: /bin/grep
configure:4830: checking for egrep
configure:4892: result: /bin/grep -E
configure:4897: checking for ANSI C header files
configure:4917: powerpc-eabi-g++ -c -g -O2  conftest.cpp >&5
configure:4917: $? = 0
configure:5001: result: yes
configure:5014: checking for sys/types.h
configure:5014: powerpc-eabi-g++ -c -g -O2  conftest.cpp >&5
configure:5014: $? = 0
configure:5014: result: yes
configure:5014: checking for sys/stat.h
configure:5014: powerpc-eabi-g++ -c -g -O2  conftest.cpp >&5
configure:5014: $? = 0
configure:5014: result: yes
configure:5014: checking for stdlib.h
configure:5014: powerpc-eabi-g++ -c -g -O2  conftest.cpp >&5
configure:5014: $? = 0
configure:5014: result: yes
configure:5014: checking for string.h
configure:5014: powerpc-eabi-g++ -c -g -O2  conftest.cpp >&5
configure:5014: $? = 0
configure:5014: result: yes
configure:5014: checking for memory.h
configure:5014: powerpc-eabi-g++ -c -g -O2  conftest.cpp >&5
conftest.cpp:50:20: fatal error: memory.h: No such file or directory
compilation terminated.
configure:5014: $? = 1
configure: failed program was:
| /* confdefs.h */
| #define PACKAGE_NAME "yabause"
| #define PACKAGE_TARNAME "yabause"
| #define PACKAGE_VERSION "0.9.10"
| #define PACKAGE_STRING "yabause 0.9.10"
| #define PACKAGE_BUGREPORT ""
| #define PACKAGE_URL ""
| #define PACKAGE "yabause"
| #define VERSION "0.9.10"
| #define STDC_HEADERS 1
| #define HAVE_SYS_TYPES_H 1
| #define HAVE_SYS_STAT_H 1
| #define HAVE_STDLIB_H 1
| #define HAVE_STRING_H 1
| /* end confdefs.h.  */
| #include <stdio.h>
| #ifdef HAVE_SYS_TYPES_H
| # include <sys/types.h>
| #endif
| #ifdef HAVE_SYS_STAT_H
| # include <sys/stat.h>
| #endif
| #ifdef STDC_HEADERS
| # include <stdlib.h>
| # include <stddef.h>
| #else
| # ifdef HAVE_STDLIB_H
| #  include <stdlib.h>
| # endif
| #endif
| #ifdef HAVE_STRING_H
| # if !defined STDC_HEADERS && defined HAVE_MEMORY_H
| #  include <memory.h>
| # endif
| # include <string.h>
| #endif
| #ifdef HAVE_STRINGS_H
| # include <strings.h>
| #endif
| #ifdef HAVE_INTTYPES_H
| # include <inttypes.h>
| #endif
| #ifdef HAVE_STDINT_H
| # include <stdint.h>
| #endif
| #ifdef HAVE_UNISTD_H
| # include <unistd.h>
| #endif
| 
| #include <memory.h>
configure:5014: result: no
configure:5014: checking for strings.h
configure:5014: powerpc-eabi-g++ -c -g -O2  conftest.cpp >&5
configure:5014: $? = 0
configure:5014: result: yes
configure:5014: checking for inttypes.h
configure:5014: powerpc-eabi-g++ -c -g -O2  conftest.cpp >&5
configure:5014: $? = 0
configure:5014: result: yes
configure:5014: checking for stdint.h
configure:5014: powerpc-eabi-g++ -c -g -O2  conftest.cpp >&5
configure:5014: $? = 0
configure:5014: result: yes
configure:5014: checking for unistd.h
configure:5014: powerpc-eabi-g++ -c -g -O2  conftest.cpp >&5
configure:5014: $? = 0
configure:5014: result: yes
configure:5026: checking whether byte ordering is bigendian
configure:5041: powerpc-eabi-g++ -c -g -O2  conftest.cpp >&5
conftest.cpp:21:9: error: expected unqualified-id before 'not' token
configure:5041: $? = 1
configure: failed program was:
| /* confdefs.h */
| #define PACKAGE_NAME "yabause"
| #define PACKAGE_TARNAME "yabause"
| #define PACKAGE_VERSION "0.9.10"
| #define PACKAGE_STRING "yabause 0.9.10"
| #define PACKAGE_BUGREPORT ""
| #define PACKAGE_URL ""
| #define PACKAGE "yabause"
| #define VERSION "0.9.10"
| #define STDC_HEADERS 1
| #define HAVE_SYS_TYPES_H 1
| #define HAVE_SYS_STAT_H 1
| #define HAVE_STDLIB_H 1
| #define HAVE_STRING_H 1
| #define HAVE_STRINGS_H 1
| #define HAVE_INTTYPES_H 1
| #define HAVE_STDINT_H 1
| #define HAVE_UNISTD_H 1
| /* end confdefs.h.  */
| #ifndef __APPLE_CC__
| 	       not a universal capable compiler
| 	     #endif
| 	     typedef int dummy;
| 
configure:5086: powerpc-eabi-g++ -c -g -O2  conftest.cpp >&5
configure:5086: $? = 0
configure:5104: powerpc-eabi-g++ -c -g -O2  conftest.cpp >&5
configure:5104: $? = 0
configure:5232: result: yes
configure:5252: checking whether powerpc-eabi-gcc and cc understand -c and -o together
configure:5283: powerpc-eabi-gcc -c conftest.cpp -o conftest2.o >&5
configure:5287: $? = 0
configure:5293: powerpc-eabi-gcc -c conftest.cpp -o conftest2.o >&5
configure:5297: $? = 0
configure:5308: cc -c conftest.cpp >&5
./configure: line 5310: cc: command not found
configure:5312: $? = 127
configure:5352: result: yes
configure:5386: checking dependency style of powerpc-eabi-gcc
configure:5494: result: gcc3
configure:5536: checking sys/time.h usability
configure:5536: powerpc-eabi-g++ -c -g -O2  conftest.cpp >&5
configure:5536: $? = 0
configure:5536: result: yes
configure:5536: checking sys/time.h presence
configure:5536: powerpc-eabi-g++ -E  conftest.cpp
configure:5536: $? = 0
configure:5536: result: yes
configure:5536: checking for sys/time.h
configure:5536: result: yes
configure:5548: checking for gettimeofday
configure:5548: powerpc-eabi-g++ -o conftest -g -O2   conftest.cpp  >&5
configure:5548: $? = 0
configure:5548: result: yes
configure:5563: checking for floorf
configure:5563: powerpc-eabi-g++ -o conftest -g -O2   conftest.cpp  -lm >&5
configure:5563: $? = 0
configure:5563: result: yes
configure:5640: checking for mini18n in -lmini18n
configure:5665: powerpc-eabi-g++ -o conftest -g -O2   conftest.cpp -lmini18n   >&5
c:/devkitpro/devkitppc/bin/../lib/gcc/powerpc-eabi/4.6.2/../../../../powerpc-eabi/bin/ld.exe: cannot find -lmini18n
collect2: ld returned 1 exit status
configure:5665: $? = 1
configure: failed program was:
| /* confdefs.h */
| #define PACKAGE_NAME "yabause"
| #define PACKAGE_TARNAME "yabause"
| #define PACKAGE_VERSION "0.9.10"
| #define PACKAGE_STRING "yabause 0.9.10"
| #define PACKAGE_BUGREPORT ""
| #define PACKAGE_URL ""
| #define PACKAGE "yabause"
| #define VERSION "0.9.10"
| #define STDC_HEADERS 1
| #define HAVE_SYS_TYPES_H 1
| #define HAVE_SYS_STAT_H 1
| #define HAVE_STDLIB_H 1
| #define HAVE_STRING_H 1
| #define HAVE_STRINGS_H 1
| #define HAVE_INTTYPES_H 1
| #define HAVE_STDINT_H 1
| #define HAVE_UNISTD_H 1
| #define WORDS_BIGENDIAN 1
| #define HAVE_SYS_TIME_H 1
| #define HAVE_GETTIMEOFDAY 1
| #define HAVE_FLOORF 1
| /* end confdefs.h.  */
| 
| /* Override any GCC internal prototype to avoid an error.
|    Use char because int might match the return type of a GCC
|    builtin and then its argument prototype would still apply.  */
| #ifdef __cplusplus
| extern "C"
| #endif
| char mini18n ();
| int
| main ()
| {
| return mini18n ();
|   ;
|   return 0;
| }
configure:5674: result: no
configure:5696: checking whether the compiled supports c99 variadic macros
configure:5709: powerpc-eabi-g++ -c -g -O2  conftest.cpp >&5
conftest.cpp: In function 'int main()':
conftest.cpp:28:1: error: 'puts' was not declared in this scope
configure:5709: $? = 1
configure: failed program was:
| /* confdefs.h */
| #define PACKAGE_NAME "yabause"
| #define PACKAGE_TARNAME "yabause"
| #define PACKAGE_VERSION "0.9.10"
| #define PACKAGE_STRING "yabause 0.9.10"
| #define PACKAGE_BUGREPORT ""
| #define PACKAGE_URL ""
| #define PACKAGE "yabause"
| #define VERSION "0.9.10"
| #define STDC_HEADERS 1
| #define HAVE_SYS_TYPES_H 1
| #define HAVE_SYS_STAT_H 1
| #define HAVE_STDLIB_H 1
| #define HAVE_STRING_H 1
| #define HAVE_STRINGS_H 1
| #define HAVE_INTTYPES_H 1
| #define HAVE_STDINT_H 1
| #define HAVE_UNISTD_H 1
| #define WORDS_BIGENDIAN 1
| #define HAVE_SYS_TIME_H 1
| #define HAVE_GETTIMEOFDAY 1
| #define HAVE_FLOORF 1
| /* end confdefs.h.  */
| #define MACRO(...) puts(__VA_ARGS__)
| int
| main ()
| {
| MACRO("foo");
|   ;
|   return 0;
| }
configure:5715: result: no
configure:5765: checking for powerpc-eabi-sdl-config
configure:5795: result: no
configure:5765: checking for powerpc-eabi-sdl11-config
configure:5795: result: no
configure:5809: checking for sdl-config
configure:5839: result: no
configure:5809: checking for sdl11-config
configure:5839: result: no
configure:6681: checking for glEnable in -lGL
configure:6706: powerpc-eabi-g++ -o conftest -g -O2   conftest.cpp -lGL     >&5
c:/devkitpro/devkitppc/bin/../lib/gcc/powerpc-eabi/4.6.2/../../../../powerpc-eabi/bin/ld.exe: cannot find -lGL
collect2: ld returned 1 exit status
configure:6706: $? = 1
configure: failed program was:
| /* confdefs.h */
| #define PACKAGE_NAME "yabause"
| #define PACKAGE_TARNAME "yabause"
| #define PACKAGE_VERSION "0.9.10"
| #define PACKAGE_STRING "yabause 0.9.10"
| #define PACKAGE_BUGREPORT ""
| #define PACKAGE_URL ""
| #define PACKAGE "yabause"
| #define VERSION "0.9.10"
| #define STDC_HEADERS 1
| #define HAVE_SYS_TYPES_H 1
| #define HAVE_SYS_STAT_H 1
| #define HAVE_STDLIB_H 1
| #define HAVE_STRING_H 1
| #define HAVE_STRINGS_H 1
| #define HAVE_INTTYPES_H 1
| #define HAVE_STDINT_H 1
| #define HAVE_UNISTD_H 1
| #define WORDS_BIGENDIAN 1
| #define HAVE_SYS_TIME_H 1
| #define HAVE_GETTIMEOFDAY 1
| #define HAVE_FLOORF 1
| /* end confdefs.h.  */
| 
| /* Override any GCC internal prototype to avoid an error.
|    Use char because int might match the return type of a GCC
|    builtin and then its argument prototype would still apply.  */
| #ifdef __cplusplus
| extern "C"
| #endif
| char glEnable ();
| int
| main ()
| {
| return glEnable ();
|   ;
|   return 0;
| }
configure:6715: result: no
configure:6725: checking for glutGetModifiers in -lglut
configure:6750: powerpc-eabi-g++ -o conftest -g -O2   conftest.cpp -lglut     >&5
c:/devkitpro/devkitppc/bin/../lib/gcc/powerpc-eabi/4.6.2/../../../../powerpc-eabi/bin/ld.exe: cannot find -lglut
collect2: ld returned 1 exit status
configure:6750: $? = 1
configure: failed program was:
| /* confdefs.h */
| #define PACKAGE_NAME "yabause"
| #define PACKAGE_TARNAME "yabause"
| #define PACKAGE_VERSION "0.9.10"
| #define PACKAGE_STRING "yabause 0.9.10"
| #define PACKAGE_BUGREPORT ""
| #define PACKAGE_URL ""
| #define PACKAGE "yabause"
| #define VERSION "0.9.10"
| #define STDC_HEADERS 1
| #define HAVE_SYS_TYPES_H 1
| #define HAVE_SYS_STAT_H 1
| #define HAVE_STDLIB_H 1
| #define HAVE_STRING_H 1
| #define HAVE_STRINGS_H 1
| #define HAVE_INTTYPES_H 1
| #define HAVE_STDINT_H 1
| #define HAVE_UNISTD_H 1
| #define WORDS_BIGENDIAN 1
| #define HAVE_SYS_TIME_H 1
| #define HAVE_GETTIMEOFDAY 1
| #define HAVE_FLOORF 1
| /* end confdefs.h.  */
| 
| /* Override any GCC internal prototype to avoid an error.
|    Use char because int might match the return type of a GCC
|    builtin and then its argument prototype would still apply.  */
| #ifdef __cplusplus
| extern "C"
| #endif
| char glutGetModifiers ();
| int
| main ()
| {
| return glutGetModifiers ();
|   ;
|   return 0;
| }
configure:6759: result: no
configure:6793: checking for main in -lpthread
configure:6812: powerpc-eabi-g++ -o conftest -g -O2   conftest.cpp -lpthread    >&5
c:/devkitpro/devkitppc/bin/../lib/gcc/powerpc-eabi/4.6.2/../../../../powerpc-eabi/bin/ld.exe: cannot find -lpthread
collect2: ld returned 1 exit status
configure:6812: $? = 1
configure: failed program was:
| /* confdefs.h */
| #define PACKAGE_NAME "yabause"
| #define PACKAGE_TARNAME "yabause"
| #define PACKAGE_VERSION "0.9.10"
| #define PACKAGE_STRING "yabause 0.9.10"
| #define PACKAGE_BUGREPORT ""
| #define PACKAGE_URL ""
| #define PACKAGE "yabause"
| #define VERSION "0.9.10"
| #define STDC_HEADERS 1
| #define HAVE_SYS_TYPES_H 1
| #define HAVE_SYS_STAT_H 1
| #define HAVE_STDLIB_H 1
| #define HAVE_STRING_H 1
| #define HAVE_STRINGS_H 1
| #define HAVE_INTTYPES_H 1
| #define HAVE_STDINT_H 1
| #define HAVE_UNISTD_H 1
| #define WORDS_BIGENDIAN 1
| #define HAVE_SYS_TIME_H 1
| #define HAVE_GETTIMEOFDAY 1
| #define HAVE_FLOORF 1
| /* end confdefs.h.  */
| 
| 
| int
| main ()
| {
| return main ();
|   ;
|   return 0;
| }
configure:6821: result: no
configure:6832: checking for alBufferData in -lopenal
configure:6857: powerpc-eabi-g++ -o conftest -g -O2   conftest.cpp -lopenal     >&5
c:/devkitpro/devkitppc/bin/../lib/gcc/powerpc-eabi/4.6.2/../../../../powerpc-eabi/bin/ld.exe: cannot find -lopenal
collect2: ld returned 1 exit status
configure:6857: $? = 1
configure: failed program was:
| /* confdefs.h */
| #define PACKAGE_NAME "yabause"
| #define PACKAGE_TARNAME "yabause"
| #define PACKAGE_VERSION "0.9.10"
| #define PACKAGE_STRING "yabause 0.9.10"
| #define PACKAGE_BUGREPORT ""
| #define PACKAGE_URL ""
| #define PACKAGE "yabause"
| #define VERSION "0.9.10"
| #define STDC_HEADERS 1
| #define HAVE_SYS_TYPES_H 1
| #define HAVE_SYS_STAT_H 1
| #define HAVE_STDLIB_H 1
| #define HAVE_STRING_H 1
| #define HAVE_STRINGS_H 1
| #define HAVE_INTTYPES_H 1
| #define HAVE_STDINT_H 1
| #define HAVE_UNISTD_H 1
| #define WORDS_BIGENDIAN 1
| #define HAVE_SYS_TIME_H 1
| #define HAVE_GETTIMEOFDAY 1
| #define HAVE_FLOORF 1
| /* end confdefs.h.  */
| 
| /* Override any GCC internal prototype to avoid an error.
|    Use char because int might match the return type of a GCC
|    builtin and then its argument prototype would still apply.  */
| #ifdef __cplusplus
| extern "C"
| #endif
| char alBufferData ();
| int
| main ()
| {
| return alBufferData ();
|   ;
|   return 0;
| }
configure:6866: result: no
configure:7073: WARNING: Disabling Q68 dynamic translation (not supported on this CPU)
configure:7125: checking for qmake-qt4
configure:7158: result: no
configure:7125: checking for qmake
configure:7158: result: no
configure:7186: checking for powerpc-eabi-pkg-config
configure:7216: result: no
configure:7230: checking for pkg-config
configure:7260: result: no
configure:7333: powerpc-eabi-g++ -o conftest -g -O2   -framework Carbon conftest.cpp   >&5
powerpc-eabi-g++.exe: error: Carbon: No such file or directory
configure:7333: $? = 1
configure: failed program was:
| /* confdefs.h */
| #define PACKAGE_NAME "yabause"
| #define PACKAGE_TARNAME "yabause"
| #define PACKAGE_VERSION "0.9.10"
| #define PACKAGE_STRING "yabause 0.9.10"
| #define PACKAGE_BUGREPORT ""
| #define PACKAGE_URL ""
| #define PACKAGE "yabause"
| #define VERSION "0.9.10"
| #define STDC_HEADERS 1
| #define HAVE_SYS_TYPES_H 1
| #define HAVE_SYS_STAT_H 1
| #define HAVE_STDLIB_H 1
| #define HAVE_STRING_H 1
| #define HAVE_STRINGS_H 1
| #define HAVE_INTTYPES_H 1
| #define HAVE_STDINT_H 1
| #define HAVE_UNISTD_H 1
| #define WORDS_BIGENDIAN 1
| #define HAVE_SYS_TIME_H 1
| #define HAVE_GETTIMEOFDAY 1
| #define HAVE_FLOORF 1
| #define UNKNOWN_ARCH 1
| #define HAVE_C68K 1
| #define HAVE_Q68 1
| #define USE_DYNAREC 1
| /* end confdefs.h.  */
| 
| 	int t(void) { return 0; }
| 
| int
| main ()
| {
| 
|         int foo = t();
| 
|   ;
|   return 0;
| }
configure:7348: checking for powerpc-eabi-windres
configure:7378: result: no
configure:7392: checking for windres
configure:7408: found /bin/windres
configure:7419: result: windres
configure:7435: WARNING: using cross tools not prefixed with host triplet
configure:7447: checking windows.h usability
configure:7447: powerpc-eabi-g++ -c -g -O2  conftest.cpp >&5
conftest.cpp:61:21: fatal error: windows.h: No such file or directory
compilation terminated.
configure:7447: $? = 1
configure: failed program was:
| /* confdefs.h */
| #define PACKAGE_NAME "yabause"
| #define PACKAGE_TARNAME "yabause"
| #define PACKAGE_VERSION "0.9.10"
| #define PACKAGE_STRING "yabause 0.9.10"
| #define PACKAGE_BUGREPORT ""
| #define PACKAGE_URL ""
| #define PACKAGE "yabause"
| #define VERSION "0.9.10"
| #define STDC_HEADERS 1
| #define HAVE_SYS_TYPES_H 1
| #define HAVE_SYS_STAT_H 1
| #define HAVE_STDLIB_H 1
| #define HAVE_STRING_H 1
| #define HAVE_STRINGS_H 1
| #define HAVE_INTTYPES_H 1
| #define HAVE_STDINT_H 1
| #define HAVE_UNISTD_H 1
| #define WORDS_BIGENDIAN 1
| #define HAVE_SYS_TIME_H 1
| #define HAVE_GETTIMEOFDAY 1
| #define HAVE_FLOORF 1
| #define UNKNOWN_ARCH 1
| #define HAVE_C68K 1
| #define HAVE_Q68 1
| #define USE_DYNAREC 1
| /* end confdefs.h.  */
| #include <stdio.h>
| #ifdef HAVE_SYS_TYPES_H
| # include <sys/types.h>
| #endif
| #ifdef HAVE_SYS_STAT_H
| # include <sys/stat.h>
| #endif
| #ifdef STDC_HEADERS
| # include <stdlib.h>
| # include <stddef.h>
| #else
| # ifdef HAVE_STDLIB_H
| #  include <stdlib.h>
| # endif
| #endif
| #ifdef HAVE_STRING_H
| # if !defined STDC_HEADERS && defined HAVE_MEMORY_H
| #  include <memory.h>
| # endif
| # include <string.h>
| #endif
| #ifdef HAVE_STRINGS_H
| # include <strings.h>
| #endif
| #ifdef HAVE_INTTYPES_H
| # include <inttypes.h>
| #endif
| #ifdef HAVE_STDINT_H
| # include <stdint.h>
| #endif
| #ifdef HAVE_UNISTD_H
| # include <unistd.h>
| #endif
| #include <windows.h>
configure:7447: result: no
configure:7447: checking windows.h presence
configure:7447: powerpc-eabi-g++ -E  conftest.cpp
conftest.cpp:28:21: fatal error: windows.h: No such file or directory
compilation terminated.
configure:7447: $? = 1
configure: failed program was:
| /* confdefs.h */
| #define PACKAGE_NAME "yabause"
| #define PACKAGE_TARNAME "yabause"
| #define PACKAGE_VERSION "0.9.10"
| #define PACKAGE_STRING "yabause 0.9.10"
| #define PACKAGE_BUGREPORT ""
| #define PACKAGE_URL ""
| #define PACKAGE "yabause"
| #define VERSION "0.9.10"
| #define STDC_HEADERS 1
| #define HAVE_SYS_TYPES_H 1
| #define HAVE_SYS_STAT_H 1
| #define HAVE_STDLIB_H 1
| #define HAVE_STRING_H 1
| #define HAVE_STRINGS_H 1
| #define HAVE_INTTYPES_H 1
| #define HAVE_STDINT_H 1
| #define HAVE_UNISTD_H 1
| #define WORDS_BIGENDIAN 1
| #define HAVE_SYS_TIME_H 1
| #define HAVE_GETTIMEOFDAY 1
| #define HAVE_FLOORF 1
| #define UNKNOWN_ARCH 1
| #define HAVE_C68K 1
| #define HAVE_Q68 1
| #define USE_DYNAREC 1
| /* end confdefs.h.  */
| #include <windows.h>
configure:7447: result: no
configure:7447: checking for windows.h
configure:7447: result: no
configure:8150: creating ./config.status

## ---------------------- ##
## Running config.status. ##
## ---------------------- ##

This file was extended by yabause config.status 0.9.10, which was
generated by GNU Autoconf 2.67.  Invocation command line was

  CONFIG_FILES    = 
  CONFIG_HEADERS  = 
  CONFIG_LINKS    = 
  CONFIG_COMMANDS = 
  $ ./config.status 

on r-note

config.status:888: creating Makefile
config.status:888: creating l10n/Makefile
config.status:888: creating doc/Doxyfile
config.status:888: creating src/Makefile
config.status:888: creating src/carbon/Makefile
config.status:888: creating src/dreamcast/Makefile
config.status:888: creating src/gtk/Makefile
config.status:888: creating src/gtk/doc/Makefile
config.status:888: creating src/psp/Makefile
config.status:888: creating src/qt/Makefile
config.status:888: creating src/qt/yabause.pro
config.status:888: creating src/qt/doc/Makefile
config.status:888: creating src/wii/Makefile
config.status:888: creating src/windows/Makefile
config.status:888: creating autopackage/default.apspec
config.status:1059: executing depfiles commands
config.status:1059: executing src/c68k/Makefile commands

## ---------------- ##
## Cache variables. ##
## ---------------- ##

ac_cv_build=i686-pc-linux-gnu
ac_cv_c_bigendian=yes
ac_cv_c_compiler_gnu=yes
ac_cv_cxx_compiler_gnu=yes
ac_cv_env_CCASFLAGS_set=
ac_cv_env_CCASFLAGS_value=
ac_cv_env_CCAS_set=
ac_cv_env_CCAS_value=
ac_cv_env_CCC_set=
ac_cv_env_CCC_value=
ac_cv_env_CC_set=
ac_cv_env_CC_value=
ac_cv_env_CFLAGS_set=
ac_cv_env_CFLAGS_value=
ac_cv_env_CPPFLAGS_set=
ac_cv_env_CPPFLAGS_value=
ac_cv_env_CPP_set=
ac_cv_env_CPP_value=
ac_cv_env_CXXCPP_set=
ac_cv_env_CXXCPP_value=
ac_cv_env_CXXFLAGS_set=
ac_cv_env_CXXFLAGS_value=
ac_cv_env_CXX_set=
ac_cv_env_CXX_value=
ac_cv_env_LDFLAGS_set=
ac_cv_env_LDFLAGS_value=
ac_cv_env_LIBS_set=
ac_cv_env_LIBS_value=
ac_cv_env_XMKMF_set=
ac_cv_env_XMKMF_value=
ac_cv_env_build_alias_set=set
ac_cv_env_build_alias_value=i686-pc-linux-gnu
ac_cv_env_host_alias_set=set
ac_cv_env_host_alias_value=powerpc-eabi
ac_cv_env_target_alias_set=
ac_cv_env_target_alias_value=
ac_cv_func_floorf=yes
ac_cv_func_gettimeofday=yes
ac_cv_header_inttypes_h=yes
ac_cv_header_memory_h=no
ac_cv_header_stdc=yes
ac_cv_header_stdint_h=yes
ac_cv_header_stdlib_h=yes
ac_cv_header_string_h=yes
ac_cv_header_strings_h=yes
ac_cv_header_sys_stat_h=yes
ac_cv_header_sys_time_h=yes
ac_cv_header_sys_types_h=yes
ac_cv_header_unistd_h=yes
ac_cv_header_windows_h=no
ac_cv_host=powerpc-unknown-none
ac_cv_lib_GL_glEnable=no
ac_cv_lib_glut_glutGetModifiers=no
ac_cv_lib_mini18n_mini18n=no
ac_cv_lib_openal_alBufferData=no
ac_cv_lib_pthread_main=no
ac_cv_objext=o
ac_cv_path_EGREP='/bin/grep -E'
ac_cv_path_GREP=/bin/grep
ac_cv_path_install='/bin/install -c'
ac_cv_path_mkdir=/bin/mkdir
ac_cv_prog_AWK=gawk
ac_cv_prog_CC=powerpc-eabi-gcc
ac_cv_prog_CPP='powerpc-eabi-gcc -E'
ac_cv_prog_CXX=powerpc-eabi-g++
ac_cv_prog_CXXCPP='powerpc-eabi-g++ -E'
ac_cv_prog_RANLIB=powerpc-eabi-ranlib
ac_cv_prog_STRIP=powerpc-eabi-strip
ac_cv_prog_ac_ct_WINDRES=windres
ac_cv_prog_cc_c89=
ac_cv_prog_cc_g=yes
ac_cv_prog_cc_powerpc_eabi_gcc_c_o=yes
ac_cv_prog_cxx_g=yes
ac_cv_prog_make_make_set=yes
ac_cv_target=powerpc-unknown-none
am_cv_CCAS_dependencies_compiler_type=gcc3
am_cv_CC_dependencies_compiler_type=gcc3
am_cv_CXX_dependencies_compiler_type=gcc3

## ----------------- ##
## Output variables. ##
## ----------------- ##

ACLOCAL='${SHELL} /c/Users/rako/yabause-r2925/missing --run aclocal-1.11'
AMDEPBACKSLASH='\'
AMDEP_FALSE='#'
AMDEP_TRUE=''
AMTAR='${SHELL} /c/Users/rako/yabause-r2925/missing --run tar'
ARCH_IS_FREEBSD_FALSE=''
ARCH_IS_FREEBSD_TRUE='#'
ARCH_IS_LINUX_FALSE=''
ARCH_IS_LINUX_TRUE='#'
ARCH_IS_MACOSX_FALSE=''
ARCH_IS_MACOSX_TRUE='#'
ARCH_IS_NETBSD_FALSE=''
ARCH_IS_NETBSD_TRUE='#'
ARCH_IS_WINDOWS_FALSE=''
ARCH_IS_WINDOWS_TRUE='#'
AUTOCONF='${SHELL} /c/Users/rako/yabause-r2925/missing --run autoconf'
AUTOHEADER='${SHELL} /c/Users/rako/yabause-r2925/missing --run autoheader'
AUTOMAKE='${SHELL} /c/Users/rako/yabause-r2925/missing --run automake-1.11'
AWK='gawk'
BUILD_ME_TEST_FALSE=''
BUILD_ME_TEST_TRUE='#'
CC='powerpc-eabi-gcc'
CCAS='powerpc-eabi-gcc'
CCASDEPMODE='depmode=gcc3'
CCASFLAGS='-g -O2'
CCDEPMODE='depmode=gcc3'
CFLAGS='-Ofast -mrvl -mcpu=750 -meabi -mhard-float -fsigned-char -fomit-frame-pointer -ffast-math -funroll-loops -fauto-inc-dec -finline-functions'
COMPILE_C68K_FALSE='#'
COMPILE_C68K_TRUE=''
COMPILE_Q68_FALSE='#'
COMPILE_Q68_TRUE=''
CPP='powerpc-eabi-gcc -E'
CPPFLAGS='-I/c/devkitPro/libogc/include '
CPU_IS_ARM_FALSE=''
CPU_IS_ARM_TRUE='#'
CPU_IS_PSP_FALSE=''
CPU_IS_PSP_TRUE='#'
CPU_IS_X64_FALSE=''
CPU_IS_X64_TRUE='#'
CPU_IS_X86_FALSE=''
CPU_IS_X86_TRUE='#'
CXX='powerpc-eabi-g++'
CXXCPP='powerpc-eabi-g++ -E'
CXXDEPMODE='depmode=gcc3'
CXXFLAGS='-g -O2'
CYGPATH_W='echo'
DEFS='-DPACKAGE_NAME=\"yabause\" -DPACKAGE_TARNAME=\"yabause\" -DPACKAGE_VERSION=\"0.9.10\" -DPACKAGE_STRING=\"yabause\ 0.9.10\" -DPACKAGE_BUGREPORT=\"\" -DPACKAGE_URL=\"\" -DPACKAGE=\"yabause\" -DVERSION=\"0.9.10\" -DSTDC_HEADERS=1 -DHAVE_SYS_TYPES_H=1 -DHAVE_SYS_STAT_H=1 -DHAVE_STDLIB_H=1 -DHAVE_STRING_H=1 -DHAVE_STRINGS_H=1 -DHAVE_INTTYPES_H=1 -DHAVE_STDINT_H=1 -DHAVE_UNISTD_H=1 -DWORDS_BIGENDIAN=1 -DHAVE_SYS_TIME_H=1 -DHAVE_GETTIMEOFDAY=1 -DHAVE_FLOORF=1 -DUNKNOWN_ARCH=1 -DHAVE_C68K=1 -DHAVE_Q68=1 -DUSE_DYNAREC=1 -DGEKKO=1 -DWIIVERSION=\"ver.\ Unofficial\ r2925\ beta26\" -DUSE_WIIGX=1 -DWIICONVERTASM=1 -Dmain=SDL_main -DHAVE_LIBSDL=1 -DEXEC_FROM_CACHE=1 -DOPTIMIZED_DMA=1 -DHAVE_Q68=1 -DQ68_DISABLE_ADDRESS_ERROR=1 -DAUTOLOADPLUGIN=1 -DUSE_SCSP2=1 -DSCSP_PLUGIN=1'
DEPDIR='.deps'
ECHO_C=''
ECHO_N='-n'
ECHO_T=''
EGREP='/bin/grep -E'
EXEEXT=''
GREP='/bin/grep'
HAVE_LIBSDL=''
HAVE_PKG=''
HAVE_QMAKE=''
INSTALL_DATA='${INSTALL} -m 644'
INSTALL_PROGRAM='${INSTALL}'
INSTALL_SCRIPT='${INSTALL}'
INSTALL_STRIP_PROGRAM='$(install_sh) -c -s'
LDFLAGS='-L/c/devkitPro/libogc/lib/wii '
LIBOBJS=''
LIBS='-lSDL -lfat -lwiiuse -lwiikeyboard -lbte -logc -lm -lmxml  '
LTLIBOBJS=''
MAKEINFO='${SHELL} /c/Users/rako/yabause-r2925/missing --run makeinfo'
MKDIR_P='/bin/mkdir -p'
OBJEXT='o'
PACKAGE='yabause'
PACKAGE_BUGREPORT=''
PACKAGE_NAME='yabause'
PACKAGE_STRING='yabause 0.9.10'
PACKAGE_TARNAME='yabause'
PACKAGE_URL=''
PACKAGE_VERSION='0.9.10'
PATH_SEPARATOR=':'
Q68_USE_JIT_FALSE=''
Q68_USE_JIT_TRUE='#'
RANLIB='powerpc-eabi-ranlib'
SCSP_PLUGIN_FALSE='#'
SCSP_PLUGIN_TRUE=''
SET_MAKE=''
SHELL='/bin/sh'
STRIP='powerpc-eabi-strip'
TEST_PSP_SH2_FALSE=''
TEST_PSP_SH2_TRUE='#'
USE_DYNAREC_FALSE='#'
USE_DYNAREC_TRUE=''
USE_SCSP2_FALSE='#'
USE_SCSP2_TRUE=''
VERSION='0.9.10'
WINDRES=''
XMKMF=''
X_CFLAGS=''
X_EXTRA_LIBS=''
X_LIBS=''
X_PRE_LIBS=''
YAB_CFLAGS=''
YAB_LIBS=''
YUI_IS_CARBON_FALSE=''
YUI_IS_CARBON_TRUE='#'
YUI_IS_DREAMCAST_FALSE=''
YUI_IS_DREAMCAST_TRUE='#'
YUI_IS_GTK_FALSE=''
YUI_IS_GTK_TRUE='#'
YUI_IS_PSP_FALSE=''
YUI_IS_PSP_TRUE='#'
YUI_IS_QT_FALSE=''
YUI_IS_QT_TRUE='#'
YUI_IS_WII_FALSE='#'
YUI_IS_WII_TRUE=''
YUI_IS_WINDOWS_FALSE=''
YUI_IS_WINDOWS_TRUE='#'
ac_ct_CC=''
ac_ct_CXX=''
ac_ct_HAVE_LIBSDL=''
ac_ct_HAVE_PKG=''
ac_ct_WINDRES='windres'
am__EXEEXT_FALSE=''
am__EXEEXT_TRUE='#'
am__fastdepCCAS_FALSE='#'
am__fastdepCCAS_TRUE=''
am__fastdepCC_FALSE='#'
am__fastdepCC_TRUE=''
am__fastdepCXX_FALSE='#'
am__fastdepCXX_TRUE=''
am__include='include'
am__isrc=''
am__leading_dot='.'
am__quote=''
am__tar='${AMTAR} chof - "$$tardir"'
am__untar='${AMTAR} xf -'
bindir='${exec_prefix}/bin'
build='i686-pc-linux-gnu'
build_alias='i686-pc-linux-gnu'
build_cpu='i686'
build_os='linux-gnu'
build_vendor='pc'
datadir='${datarootdir}'
datarootdir='${prefix}/share'
docdir='${datarootdir}/doc/${PACKAGE_TARNAME}'
dvidir='${docdir}'
exec_prefix='${prefix}'
host='powerpc-unknown-none'
host_alias='powerpc-eabi'
host_cpu='powerpc'
host_os='none'
host_vendor='unknown'
htmldir='${docdir}'
includedir='${prefix}/include'
infodir='${datarootdir}/info'
install_sh='${SHELL} /c/Users/rako/yabause-r2925/install-sh'
libdir='${exec_prefix}/lib'
libexecdir='${exec_prefix}/libexec'
localedir='${datarootdir}/locale'
localstatedir='${prefix}/var'
mandir='${datarootdir}/man'
mkdir_p='/bin/mkdir -p'
oldincludedir='/usr/include'
pdfdir='${docdir}'
prefix='/usr/local'
program_transform_name='s,x,x,'
psdir='${docdir}'
sbindir='${exec_prefix}/sbin'
sharedstatedir='${prefix}/com'
sysconfdir='${prefix}/etc'
target='powerpc-unknown-none'
target_alias=''
target_cpu='powerpc'
target_os='none'
target_vendor='unknown'
yabause_yui='wii'

## ----------- ##
## confdefs.h. ##
## ----------- ##

/* confdefs.h */
#define PACKAGE_NAME "yabause"
#define PACKAGE_TARNAME "yabause"
#define PACKAGE_VERSION "0.9.10"
#define PACKAGE_STRING "yabause 0.9.10"
#define PACKAGE_BUGREPORT ""
#define PACKAGE_URL ""
#define PACKAGE "yabause"
#define VERSION "0.9.10"
#define STDC_HEADERS 1
#define HAVE_SYS_TYPES_H 1
#define HAVE_SYS_STAT_H 1
#define HAVE_STDLIB_H 1
#define HAVE_STRING_H 1
#define HAVE_STRINGS_H 1
#define HAVE_INTTYPES_H 1
#define HAVE_STDINT_H 1
#define HAVE_UNISTD_H 1
#define WORDS_BIGENDIAN 1
#define HAVE_SYS_TIME_H 1
#define HAVE_GETTIMEOFDAY 1
#define HAVE_FLOORF 1
#define UNKNOWN_ARCH 1
#define HAVE_C68K 1
#define HAVE_Q68 1
#define USE_DYNAREC 1
#define GEKKO 1
#define WIIVERSION "ver. Unofficial r2925 beta26"
#define USE_WIIGX 1
#define WIICONVERTASM 1
#define main SDL_main
#define HAVE_LIBSDL 1
#define EXEC_FROM_CACHE 1
#define OPTIMIZED_DMA 1
#define HAVE_Q68 1
#define Q68_DISABLE_ADDRESS_ERROR 1
#define AUTOLOADPLUGIN 1
#define USE_SCSP2 1
#define SCSP_PLUGIN 1

configure: exit 0
