This file contains any messages produced by compilers while
running configure, to aid debugging if configure makes a mistake.

It was created by gen68k configure 0.9.10, which was
generated by GNU Autoconf 2.67.  Invocation command line was

  $ ./configure 

## --------- ##
## Platform. ##
## --------- ##

hostname = r-note
uname -m = i686
uname -r = 1.0.15(0.47/3/2)
uname -s = MINGW32_NT-6.0
uname -v = 2010-07-06 22:04

/usr/bin/uname -p = unknown
/bin/uname -X     = unknown

/bin/arch              = unknown
/usr/bin/arch -k       = unknown
/usr/convex/getsysinfo = unknown
/usr/bin/hostinfo      = unknown
/bin/machine           = unknown
/usr/bin/oslevel       = unknown
/bin/universe          = unknown

PATH: /bin
PATH: /c/Program Files/Common Files/Microsoft Shared/Windows Live
PATH: /bin
PATH: /c/Windows/system32
PATH: /c/Windows
PATH: /c/Windows/System32/Wbem
PATH: /c/Program Files/Smart Projects/IsoBuster
PATH: /c/Program Files/SlikSvn/bin/
PATH: /c/Program Files/Git/cmd
PATH: /c/Program Files/cvsnt
PATH: /c/Windows/System32/WindowsPowerShell/v1.0/
PATH: /c/Program Files/Windows Live/Shared
PATH: /c/Program Files/CMake 2.8/bin
PATH: /c/devkitPro/devkitPPC/bin


## ----------- ##
## Core tests. ##
## ----------- ##

configure:1950: checking build system type
configure:1964: result: i686-pc-mingw32
configure:1984: checking host system type
configure:1997: result: i686-pc-mingw32
configure:2017: checking target system type
configure:2030: result: i686-pc-mingw32
configure:2073: checking for a BSD-compatible install
configure:2141: result: /bin/install -c
configure:2152: checking whether build environment is sane
configure:2202: result: yes
configure:2343: checking for a thread-safe mkdir -p
configure:2382: result: /bin/mkdir -p
configure:2395: checking for gawk
configure:2411: found /bin/gawk
configure:2422: result: gawk
configure:2433: checking whether make sets $(MAKE)
configure:2455: result: yes
configure:2584: checking for gcc
configure:2600: found /bin/gcc
configure:2611: result: gcc
configure:2840: checking for C compiler version
configure:2849: gcc --version >&5
gcc.exe (GCC) 4.5.2
Copyright (C) 2010 Free Software Foundation, Inc.
This is free software; see the source for copying conditions.  There is NO
warranty; not even for MERCHANTABILITY or FITNESS FOR A PARTICULAR PURPOSE.

configure:2860: $? = 0
configure:2849: gcc -v >&5
Using built-in specs.
COLLECT_GCC=C:\devkitPro\msys\bin\gcc.exe
COLLECT_LTO_WRAPPER=c:/devkitpro/msys/bin/../libexec/gcc/mingw32/4.5.2/lto-wrapper.exe
Target: mingw32
Configured with: ../gcc-4.5.2/configure --enable-languages=c,c++,ada,fortran,objc,obj-c++ --disable-sjlj-exceptions --with-dwarf2 --enable-shared --enable-libgomp --disable-win32-registry --enable-libstdcxx-debug --enable-version-specific-runtime-libs --disable-werror --build=mingw32 --prefix=/mingw
Thread model: win32
gcc version 4.5.2 (GCC) 
configure:2860: $? = 0
configure:2849: gcc -V >&5
gcc.exe: '-V' option must have argument
configure:2860: $? = 1
configure:2849: gcc -qversion >&5
gcc.exe: unrecognized option '-qversion'
gcc.exe: no input files
configure:2860: $? = 1
configure:2880: checking whether the C compiler works
configure:2902: gcc    conftest.c  >&5
configure:2906: $? = 0
configure:2954: result: yes
configure:2957: checking for C compiler default output file name
configure:2959: result: a.exe
configure:2965: checking for suffix of executables
configure:2972: gcc -o conftest.exe    conftest.c  >&5
configure:2976: $? = 0
configure:2998: result: .exe
configure:3020: checking whether we are cross compiling
configure:3028: gcc -o conftest.exe    conftest.c  >&5
configure:3032: $? = 0
configure:3039: ./conftest.exe
configure:3043: $? = 0
configure:3058: result: no
configure:3063: checking for suffix of object files
configure:3085: gcc -c   conftest.c >&5
configure:3089: $? = 0
configure:3110: result: o
configure:3114: checking whether we are using the GNU C compiler
configure:3133: gcc -c   conftest.c >&5
configure:3133: $? = 0
configure:3142: result: yes
configure:3151: checking whether gcc accepts -g
configure:3171: gcc -c -g  conftest.c >&5
configure:3171: $? = 0
configure:3212: result: yes
configure:3229: checking for gcc option to accept ISO C89
configure:3293: gcc  -c -g -O2  conftest.c >&5
configure:3293: $? = 0
configure:3306: result: none needed
configure:3337: checking for style of include used by make
configure:3365: result: GNU
configure:3390: checking dependency style of gcc
configure:3500: result: gcc3
configure:3529: checking how to run the C preprocessor
configure:3560: gcc -E  conftest.c
configure:3560: $? = 0
configure:3574: gcc -E  conftest.c
conftest.c:11:28: fatal error: ac_nonexistent.h: No such file or directory
compilation terminated.
configure:3574: $? = 1
configure: failed program was:
| /* confdefs.h */
| #define PACKAGE_NAME "gen68k"
| #define PACKAGE_TARNAME "gen68k"
| #define PACKAGE_VERSION "0.9.10"
| #define PACKAGE_STRING "gen68k 0.9.10"
| #define PACKAGE_BUGREPORT ""
| #define PACKAGE_URL ""
| #define PACKAGE "gen68k"
| #define VERSION "0.9.10"
| /* end confdefs.h.  */
| #include <ac_nonexistent.h>
configure:3599: result: gcc -E
configure:3619: gcc -E  conftest.c
configure:3619: $? = 0
configure:3633: gcc -E  conftest.c
conftest.c:11:28: fatal error: ac_nonexistent.h: No such file or directory
compilation terminated.
configure:3633: $? = 1
configure: failed program was:
| /* confdefs.h */
| #define PACKAGE_NAME "gen68k"
| #define PACKAGE_TARNAME "gen68k"
| #define PACKAGE_VERSION "0.9.10"
| #define PACKAGE_STRING "gen68k 0.9.10"
| #define PACKAGE_BUGREPORT ""
| #define PACKAGE_URL ""
| #define PACKAGE "gen68k"
| #define VERSION "0.9.10"
| /* end confdefs.h.  */
| #include <ac_nonexistent.h>
configure:3662: checking for grep that handles long lines and -e
configure:3720: result: /bin/grep
configure:3725: checking for egrep
configure:3787: result: /bin/grep -E
configure:3792: checking for ANSI C header files
configure:3812: gcc -c -g -O2  conftest.c >&5
configure:3812: $? = 0
configure:3885: gcc -o conftest.exe -g -O2   conftest.c  >&5
configure:3885: $? = 0
configure:3885: ./conftest.exe
configure:3885: $? = 0
configure:3896: result: yes
configure:3909: checking for sys/types.h
configure:3909: gcc -c -g -O2  conftest.c >&5
configure:3909: $? = 0
configure:3909: result: yes
configure:3909: checking for sys/stat.h
configure:3909: gcc -c -g -O2  conftest.c >&5
configure:3909: $? = 0
configure:3909: result: yes
configure:3909: checking for stdlib.h
configure:3909: gcc -c -g -O2  conftest.c >&5
configure:3909: $? = 0
configure:3909: result: yes
configure:3909: checking for string.h
configure:3909: gcc -c -g -O2  conftest.c >&5
configure:3909: $? = 0
configure:3909: result: yes
configure:3909: checking for memory.h
configure:3909: gcc -c -g -O2  conftest.c >&5
configure:3909: $? = 0
configure:3909: result: yes
configure:3909: checking for strings.h
configure:3909: gcc -c -g -O2  conftest.c >&5
configure:3909: $? = 0
configure:3909: result: yes
configure:3909: checking for inttypes.h
configure:3909: gcc -c -g -O2  conftest.c >&5
configure:3909: $? = 0
configure:3909: result: yes
configure:3909: checking for stdint.h
configure:3909: gcc -c -g -O2  conftest.c >&5
configure:3909: $? = 0
configure:3909: result: yes
configure:3909: checking for unistd.h
configure:3909: gcc -c -g -O2  conftest.c >&5
configure:3909: $? = 0
configure:3909: result: yes
configure:3921: checking whether byte ordering is bigendian
configure:3936: gcc -c -g -O2  conftest.c >&5
conftest.c:22:13: error: expected '=', ',', ';', 'asm' or '__attribute__' before 'a'
configure:3936: $? = 1
configure: failed program was:
| /* confdefs.h */
| #define PACKAGE_NAME "gen68k"
| #define PACKAGE_TARNAME "gen68k"
| #define PACKAGE_VERSION "0.9.10"
| #define PACKAGE_STRING "gen68k 0.9.10"
| #define PACKAGE_BUGREPORT ""
| #define PACKAGE_URL ""
| #define PACKAGE "gen68k"
| #define VERSION "0.9.10"
| #define STDC_HEADERS 1
| #define HAVE_SYS_TYPES_H 1
| #define HAVE_SYS_STAT_H 1
| #define HAVE_STDLIB_H 1
| #define HAVE_STRING_H 1
| #define HAVE_MEMORY_H 1
| #define HAVE_STRINGS_H 1
| #define HAVE_INTTYPES_H 1
| #define HAVE_STDINT_H 1
| #define HAVE_UNISTD_H 1
| /* end confdefs.h.  */
| #ifndef __APPLE_CC__
| 	       not a universal capable compiler
| 	     #endif
| 	     typedef int dummy;
| 
configure:3981: gcc -c -g -O2  conftest.c >&5
configure:3981: $? = 0
configure:3999: gcc -c -g -O2  conftest.c >&5
conftest.c: In function 'main':
conftest.c:28:4: error: 'not' undeclared (first use in this function)
conftest.c:28:4: note: each undeclared identifier is reported only once for each function it appears in
conftest.c:28:8: error: expected ';' before 'big'
configure:3999: $? = 1
configure: failed program was:
| /* confdefs.h */
| #define PACKAGE_NAME "gen68k"
| #define PACKAGE_TARNAME "gen68k"
| #define PACKAGE_VERSION "0.9.10"
| #define PACKAGE_STRING "gen68k 0.9.10"
| #define PACKAGE_BUGREPORT ""
| #define PACKAGE_URL ""
| #define PACKAGE "gen68k"
| #define VERSION "0.9.10"
| #define STDC_HEADERS 1
| #define HAVE_SYS_TYPES_H 1
| #define HAVE_SYS_STAT_H 1
| #define HAVE_STDLIB_H 1
| #define HAVE_STRING_H 1
| #define HAVE_MEMORY_H 1
| #define HAVE_STRINGS_H 1
| #define HAVE_INTTYPES_H 1
| #define HAVE_STDINT_H 1
| #define HAVE_UNISTD_H 1
| /* end confdefs.h.  */
| #include <sys/types.h>
| 		#include <sys/param.h>
| 
| int
| main ()
| {
| #if BYTE_ORDER != BIG_ENDIAN
| 		 not big endian
| 		#endif
| 
|   ;
|   return 0;
| }
configure:4127: result: no
configure:4147: checking whether gcc and cc understand -c and -o together
configure:4178: gcc -c conftest.c -o conftest2.o >&5
configure:4182: $? = 0
configure:4188: gcc -c conftest.c -o conftest2.o >&5
configure:4192: $? = 0
configure:4203: cc -c conftest.c >&5
./configure: line 4205: cc: command not found
configure:4207: $? = 127
configure:4247: result: yes
configure:4432: creating ./config.status

## ---------------------- ##
## Running config.status. ##
## ---------------------- ##

This file was extended by gen68k config.status 0.9.10, which was
generated by GNU Autoconf 2.67.  Invocation command line was

  CONFIG_FILES    = 
  CONFIG_HEADERS  = 
  CONFIG_LINKS    = 
  CONFIG_COMMANDS = 
  $ ./config.status 

on r-note

config.status:792: creating Makefile
config.status:963: executing depfiles commands

## ---------------- ##
## Cache variables. ##
## ---------------- ##

ac_cv_build=i686-pc-mingw32
ac_cv_c_bigendian=no
ac_cv_c_compiler_gnu=yes
ac_cv_env_CC_set=
ac_cv_env_CC_value=
ac_cv_env_CFLAGS_set=
ac_cv_env_CFLAGS_value=
ac_cv_env_CPPFLAGS_set=
ac_cv_env_CPPFLAGS_value=
ac_cv_env_CPP_set=
ac_cv_env_CPP_value=
ac_cv_env_LDFLAGS_set=
ac_cv_env_LDFLAGS_value=
ac_cv_env_LIBS_set=
ac_cv_env_LIBS_value=
ac_cv_env_build_alias_set=
ac_cv_env_build_alias_value=
ac_cv_env_host_alias_set=
ac_cv_env_host_alias_value=
ac_cv_env_target_alias_set=
ac_cv_env_target_alias_value=
ac_cv_exeext=.exe
ac_cv_header_inttypes_h=yes
ac_cv_header_memory_h=yes
ac_cv_header_stdc=yes
ac_cv_header_stdint_h=yes
ac_cv_header_stdlib_h=yes
ac_cv_header_string_h=yes
ac_cv_header_strings_h=yes
ac_cv_header_sys_stat_h=yes
ac_cv_header_sys_types_h=yes
ac_cv_header_unistd_h=yes
ac_cv_host=i686-pc-mingw32
ac_cv_objext=o
ac_cv_path_EGREP='/bin/grep -E'
ac_cv_path_GREP=/bin/grep
ac_cv_path_install='/bin/install -c'
ac_cv_path_mkdir=/bin/mkdir
ac_cv_prog_AWK=gawk
ac_cv_prog_CPP='gcc -E'
ac_cv_prog_ac_ct_CC=gcc
ac_cv_prog_cc_c89=
ac_cv_prog_cc_g=yes
ac_cv_prog_cc_gcc_c_o=yes
ac_cv_prog_make_make_set=yes
ac_cv_target=i686-pc-mingw32
am_cv_CC_dependencies_compiler_type=gcc3

## ----------------- ##
## Output variables. ##
## ----------------- ##

ACLOCAL='${SHELL} /c/Users/rako/yabause-r2925/missing --run aclocal-1.11'
AMDEPBACKSLASH='\'
AMDEP_FALSE='#'
AMDEP_TRUE=''
AMTAR='${SHELL} /c/Users/rako/yabause-r2925/missing --run tar'
AUTOCONF='${SHELL} /c/Users/rako/yabause-r2925/missing --run autoconf'
AUTOHEADER='${SHELL} /c/Users/rako/yabause-r2925/missing --run autoheader'
AUTOMAKE='${SHELL} /c/Users/rako/yabause-r2925/missing --run automake-1.11'
AWK='gawk'
CC='gcc'
CCDEPMODE='depmode=gcc3'
CFLAGS='-g -O2'
CPP='gcc -E'
CPPFLAGS=''
CYGPATH_W='echo'
DEFS='-DPACKAGE_NAME=\"gen68k\" -DPACKAGE_TARNAME=\"gen68k\" -DPACKAGE_VERSION=\"0.9.10\" -DPACKAGE_STRING=\"gen68k\ 0.9.10\" -DPACKAGE_BUGREPORT=\"\" -DPACKAGE_URL=\"\" -DPACKAGE=\"gen68k\" -DVERSION=\"0.9.10\" -DSTDC_HEADERS=1 -DHAVE_SYS_TYPES_H=1 -DHAVE_SYS_STAT_H=1 -DHAVE_STDLIB_H=1 -DHAVE_STRING_H=1 -DHAVE_MEMORY_H=1 -DHAVE_STRINGS_H=1 -DHAVE_INTTYPES_H=1 -DHAVE_STDINT_H=1 -DHAVE_UNISTD_H=1'
DEPDIR='.deps'
ECHO_C=''
ECHO_N='-n'
ECHO_T=''
EGREP='/bin/grep -E'
EXEEXT='.exe'
GREP='/bin/grep'
INSTALL_DATA='${INSTALL} -m 644'
INSTALL_PROGRAM='${INSTALL}'
INSTALL_SCRIPT='${INSTALL}'
INSTALL_STRIP_PROGRAM='$(install_sh) -c -s'
LDFLAGS=''
LIBOBJS=''
LIBS=''
LTLIBOBJS=''
MAKEINFO='${SHELL} /c/Users/rako/yabause-r2925/missing --run makeinfo'
MKDIR_P='/bin/mkdir -p'
OBJEXT='o'
PACKAGE='gen68k'
PACKAGE_BUGREPORT=''
PACKAGE_NAME='gen68k'
PACKAGE_STRING='gen68k 0.9.10'
PACKAGE_TARNAME='gen68k'
PACKAGE_URL=''
PACKAGE_VERSION='0.9.10'
PATH_SEPARATOR=':'
SET_MAKE=''
SHELL='/bin/sh'
STRIP=''
VERSION='0.9.10'
ac_ct_CC='gcc'
am__EXEEXT_FALSE='#'
am__EXEEXT_TRUE=''
am__fastdepCC_FALSE='#'
am__fastdepCC_TRUE=''
am__include='include'
am__isrc=''
am__leading_dot='.'
am__quote=''
am__tar='${AMTAR} chof - "$$tardir"'
am__untar='${AMTAR} xf -'
bindir='${exec_prefix}/bin'
build='i686-pc-mingw32'
build_alias=''
build_cpu='i686'
build_os='mingw32'
build_vendor='pc'
datadir='${datarootdir}'
datarootdir='${prefix}/share'
docdir='${datarootdir}/doc/${PACKAGE_TARNAME}'
dvidir='${docdir}'
exec_prefix='${prefix}'
host='i686-pc-mingw32'
host_alias=''
host_cpu='i686'
host_os='mingw32'
host_vendor='pc'
htmldir='${docdir}'
includedir='${prefix}/include'
infodir='${datarootdir}/info'
install_sh='${SHELL} /c/Users/rako/yabause-r2925/install-sh'
libdir='${exec_prefix}/lib'
libexecdir='${exec_prefix}/libexec'
localedir='${datarootdir}/locale'
localstatedir='${prefix}/var'
mandir='${datarootdir}/man'
mkdir_p='/bin/mkdir -p'
oldincludedir='/usr/include'
pdfdir='${docdir}'
prefix='/usr/local'
program_transform_name='s,x,x,'
psdir='${docdir}'
sbindir='${exec_prefix}/sbin'
sharedstatedir='${prefix}/com'
sysconfdir='${prefix}/etc'
target='i686-pc-mingw32'
target_alias=''
target_cpu='i686'
target_os='mingw32'
target_vendor='pc'

## ----------- ##
## confdefs.h. ##
## ----------- ##

/* confdefs.h */
#define PACKAGE_NAME "gen68k"
#define PACKAGE_TARNAME "gen68k"
#define PACKAGE_VERSION "0.9.10"
#define PACKAGE_STRING "gen68k 0.9.10"
#define PACKAGE_BUGREPORT ""
#define PACKAGE_URL ""
#define PACKAGE "gen68k"
#define VERSION "0.9.10"
#define STDC_HEADERS 1
#define HAVE_SYS_TYPES_H 1
#define HAVE_SYS_STAT_H 1
#define HAVE_STDLIB_H 1
#define HAVE_STRING_H 1
#define HAVE_MEMORY_H 1
#define HAVE_STRINGS_H 1
#define HAVE_INTTYPES_H 1
#define HAVE_STDINT_H 1
#define HAVE_UNISTD_H 1

configure: exit 0
